# JRE version: Java(TM) SE Runtime Environment (7.0_79-b15) (build 1.7.0_79-b15)
# Java VM: Java HotSpot(TM) 64-Bit Server VM (24.79-b02 mixed mode linux-amd64 compressed oops)
Heap
 PSYoungGen      total 339968K, used 336000K [0x00000000eaa80000, 0x0000000100000000, 0x0000000100000000)
  eden space 330240K, 100% used [0x00000000eaa80000,0x00000000fed00000,0x00000000fed00000)
  from space 9728K, 59% used [0x00000000ff680000,0x00000000ffc20000,0x0000000100000000)
  to   space 9728K, 0% used [0x00000000fed00000,0x00000000fed00000,0x00000000ff680000)
 ParOldGen       total 349696K, used 4759K [0x00000000c0000000, 0x00000000d5580000, 0x00000000eaa80000)
  object space 349696K, 1% used [0x00000000c0000000,0x00000000c04a5d30,0x00000000d5580000)
 PSPermGen       total 21504K, used 10497K [0x00000000bae00000, 0x00000000bc300000, 0x00000000c0000000)
  object space 21504K, 48% used [0x00000000bae00000,0x00000000bb840640,0x00000000bc300000)
GC Heap History (10 events):
Event: 21.208 GC heap before
{Heap before GC invocations=6 (full 0):
 PSYoungGen      total 314880K, used 314528K [0x00000000eaa80000, 0x00000000feb80000, 0x0000000100000000)
  eden space 306688K, 100% used [0x00000000eaa80000,0x00000000fd600000,0x00000000fd600000)
  from space 8192K, 95% used [0x00000000fd600000,0x00000000fdda8050,0x00000000fde00000)
  to   space 8704K, 0% used [0x00000000fe300000,0x00000000fe300000,0x00000000feb80000)
 ParOldGen       total 349696K, used 40K [0x00000000c0000000, 0x00000000d5580000, 0x00000000eaa80000)
  object space 349696K, 0% used [0x00000000c0000000,0x00000000c000a000,0x00000000d5580000)
 PSPermGen       total 21504K, used 10377K [0x00000000bae00000, 0x00000000bc300000, 0x00000000c0000000)
  object space 21504K, 48% used [0x00000000bae00000,0x00000000bb822708,0x00000000bc300000)
Event: 21.310 GC heap after
Heap after GC invocations=6 (full 0):
 PSYoungGen      total 319488K, used 7904K [0x00000000eaa80000, 0x0000000100000000, 0x0000000100000000)
  eden space 310784K, 0% used [0x00000000eaa80000,0x00000000eaa80000,0x00000000fda00000)
  from space 8704K, 90% used [0x00000000fe300000,0x00000000feab8290,0x00000000feb80000)
  to   space 9216K, 0% used [0x00000000fda00000,0x00000000fda00000,0x00000000fe300000)
 ParOldGen       total 349696K, used 48K [0x00000000c0000000, 0x00000000d5580000, 0x00000000eaa80000)
  object space 349696K, 0% used [0x00000000c0000000,0x00000000c000c000,0x00000000d5580000)
 PSPermGen       total 21504K, used 10377K [0x00000000bae00000, 0x00000000bc300000, 0x00000000c0000000)
  object space 21504K, 48% used [0x00000000bae00000,0x00000000bb822708,0x00000000bc300000)
}
Event: 24.628 GC heap before
{Heap before GC invocations=7 (full 0):
 PSYoungGen      total 319488K, used 318688K [0x00000000eaa80000, 0x0000000100000000, 0x0000000100000000)
  eden space 310784K, 100% used [0x00000000eaa80000,0x00000000fda00000,0x00000000fda00000)
  from space 8704K, 90% used [0x00000000fe300000,0x00000000feab8290,0x00000000feb80000)
  to   space 9216K, 0% used [0x00000000fda00000,0x00000000fda00000,0x00000000fe300000)
 ParOldGen       total 349696K, used 48K [0x00000000c0000000, 0x00000000d5580000, 0x00000000eaa80000)
  object space 349696K, 0% used [0x00000000c0000000,0x00000000c000c000,0x00000000d5580000)
 PSPermGen       total 21504K, used 10435K [0x00000000bae00000, 0x00000000bc300000, 0x00000000c0000000)
  object space 21504K, 48% used [0x00000000bae00000,0x00000000bb830c68,0x00000000bc300000)
Event: 24.728 GC heap after
Heap after GC invocations=7 (full 0):
 PSYoungGen      total 320000K, used 4224K [0x00000000eaa80000, 0x0000000100000000, 0x0000000100000000)
  eden space 310784K, 0% used [0x00000000eaa80000,0x00000000eaa80000,0x00000000fda00000)
  from space 9216K, 45% used [0x00000000fda00000,0x00000000fde20000,0x00000000fe300000)
  to   space 9728K, 0% used [0x00000000ff680000,0x00000000ff680000,0x0000000100000000)
 ParOldGen       total 349696K, used 4086K [0x00000000c0000000, 0x00000000d5580000, 0x00000000eaa80000)
  object space 349696K, 1% used [0x00000000c0000000,0x00000000c03fdb88,0x00000000d5580000)
 PSPermGen       total 21504K, used 10435K [0x00000000bae00000, 0x00000000bc300000, 0x00000000c0000000)
  object space 21504K, 48% used [0x00000000bae00000,0x00000000bb830c68,0x00000000bc300000)
}
Event: 28.120 GC heap before
{Heap before GC invocations=8 (full 0):
 PSYoungGen      total 320000K, used 315008K [0x00000000eaa80000, 0x0000000100000000, 0x0000000100000000)
  eden space 310784K, 100% used [0x00000000eaa80000,0x00000000fda00000,0x00000000fda00000)
  from space 9216K, 45% used [0x00000000fda00000,0x00000000fde20000,0x00000000fe300000)
  to   space 9728K, 0% used [0x00000000ff680000,0x00000000ff680000,0x0000000100000000)
 ParOldGen       total 349696K, used 4086K [0x00000000c0000000, 0x00000000d5580000, 0x00000000eaa80000)
  object space 349696K, 1% used [0x00000000c0000000,0x00000000c03fdb88,0x00000000d5580000)
 PSPermGen       total 21504K, used 10461K [0x00000000bae00000, 0x00000000bc300000, 0x00000000c0000000)
  object space 21504K, 48% used [0x00000000bae00000,0x00000000bb837480,0x00000000bc300000)
Event: 28.218 GC heap after
Heap after GC invocations=8 (full 0):
 PSYoungGen      total 339968K, used 4280K [0x00000000eaa80000, 0x0000000100000000, 0x0000000100000000)
  eden space 330240K, 0% used [0x00000000eaa80000,0x00000000eaa80000,0x00000000fed00000)
  from space 9728K, 44% used [0x00000000ff680000,0x00000000ffaae1a8,0x0000000100000000)
  to   space 9728K, 0% used [0x00000000fed00000,0x00000000fed00000,0x00000000ff680000)
 ParOldGen       total 349696K, used 4294K [0x00000000c0000000, 0x00000000d5580000, 0x00000000eaa80000)
  object space 349696K, 1% used [0x00000000c0000000,0x00000000c0431b88,0x00000000d5580000)
 PSPermGen       total 21504K, used 10461K [0x00000000bae00000, 0x00000000bc300000, 0x00000000c0000000)
  object space 21504K, 48% used [0x00000000bae00000,0x00000000bb837480,0x00000000bc300000)
}
Event: 31.608 GC heap before
{Heap before GC invocations=9 (full 0):
 PSYoungGen      total 339968K, used 334520K [0x00000000eaa80000, 0x0000000100000000, 0x0000000100000000)
  eden space 330240K, 100% used [0x00000000eaa80000,0x00000000fed00000,0x00000000fed00000)
  from space 9728K, 44% used [0x00000000ff680000,0x00000000ffaae1a8,0x0000000100000000)
  to   space 9728K, 0% used [0x00000000fed00000,0x00000000fed00000,0x00000000ff680000)
 ParOldGen       total 349696K, used 4294K [0x00000000c0000000, 0x00000000d5580000, 0x00000000eaa80000)
  object space 349696K, 1% used [0x00000000c0000000,0x00000000c0431b88,0x00000000d5580000)
 PSPermGen       total 21504K, used 10465K [0x00000000bae00000, 0x00000000bc300000, 0x00000000c0000000)
  object space 21504K, 48% used [0x00000000bae00000,0x00000000bb838628,0x00000000bc300000)
Event: 31.714 GC heap after
Heap after GC invocations=9 (full 0):
 PSYoungGen      total 339968K, used 5184K [0x00000000eaa80000, 0x0000000100000000, 0x0000000100000000)
  eden space 330240K, 0% used [0x00000000eaa80000,0x00000000eaa80000,0x00000000fed00000)
  from space 9728K, 53% used [0x00000000fed00000,0x00000000ff210000,0x00000000ff680000)
  to   space 9728K, 0% used [0x00000000ff680000,0x00000000ff680000,0x0000000100000000)
 ParOldGen       total 349696K, used 4502K [0x00000000c0000000, 0x00000000d5580000, 0x00000000eaa80000)
  object space 349696K, 1% used [0x00000000c0000000,0x00000000c0465b88,0x00000000d5580000)
 PSPermGen       total 21504K, used 10465K [0x00000000bae00000, 0x00000000bc300000, 0x00000000c0000000)
  object space 21504K, 48% used [0x00000000bae00000,0x00000000bb838628,0x00000000bc300000)
}
Event: 34.820 GC heap before
{Heap before GC invocations=10 (full 0):
 PSYoungGen      total 339968K, used 335424K [0x00000000eaa80000, 0x0000000100000000, 0x0000000100000000)
  eden space 330240K, 100% used [0x00000000eaa80000,0x00000000fed00000,0x00000000fed00000)
  from space 9728K, 53% used [0x00000000fed00000,0x00000000ff210000,0x00000000ff680000)
  to   space 9728K, 0% used [0x00000000ff680000,0x00000000ff680000,0x0000000100000000)
 ParOldGen       total 349696K, used 4502K [0x00000000c0000000, 0x00000000d5580000, 0x00000000eaa80000)
  object space 349696K, 1% used [0x00000000c0000000,0x00000000c0465b88,0x00000000d5580000)
 PSPermGen       total 21504K, used 10466K [0x00000000bae00000, 0x00000000bc300000, 0x00000000c0000000)
  object space 21504K, 48% used [0x00000000bae00000,0x00000000bb8389d0,0x00000000bc300000)
Event: 34.934 GC heap after
Heap after GC invocations=10 (full 0):
 PSYoungGen      total 339968K, used 5760K [0x00000000eaa80000, 0x0000000100000000, 0x0000000100000000)
  eden space 330240K, 0% used [0x00000000eaa80000,0x00000000eaa80000,0x00000000fed00000)
  from space 9728K, 59% used [0x00000000ff680000,0x00000000ffc20000,0x0000000100000000)
  to   space 9728K, 0% used [0x00000000fed00000,0x00000000fed00000,0x00000000ff680000)
 ParOldGen       total 349696K, used 4759K [0x00000000c0000000, 0x00000000d5580000, 0x00000000eaa80000)
  object space 349696K, 1% used [0x00000000c0000000,0x00000000c04a5d30,0x00000000d5580000)
 PSPermGen       total 21504K, used 10466K [0x00000000bae00000, 0x00000000bc300000, 0x00000000c0000000)
  object space 21504K, 48% used [0x00000000bae00000,0x00000000bb8389d0,0x00000000bc300000)
}

